{
  "stats": {
    "suites": 1,
    "tests": 1,
    "passes": 1,
    "pending": 0,
    "failures": 0,
    "start": "2025-06-10T18:52:35.962Z",
    "end": "2025-06-10T18:52:41.935Z",
    "duration": 5973,
    "testsRegistered": 1,
    "passPercent": 100,
    "pendingPercent": 0,
    "other": 0,
    "hasOther": false,
    "skipped": 0,
    "hasSkipped": false
  },
  "results": [
    {
      "uuid": "9da14810-09e9-48e1-ad51-83c73891c4d0",
      "title": "",
      "fullFile": "cypress/integration/cadastro.spec.js",
      "file": "cypress/integration/cadastro.spec.js",
      "beforeHooks": [],
      "afterHooks": [],
      "tests": [],
      "suites": [
        {
          "uuid": "c7ebe1b2-ce3d-4295-a3ec-6c116b2273a5",
          "title": "Cadastro",
          "fullFile": "",
          "file": "",
          "beforeHooks": [],
          "afterHooks": [],
          "tests": [
            {
              "title": "Quando eu informar os dados e finalizar, então o cadastro deve ser efetuado",
              "fullTitle": "Cadastro Quando eu informar os dados e finalizar, então o cadastro deve ser efetuado",
              "timedOut": null,
              "duration": 4375,
              "state": "passed",
              "speed": "fast",
              "pass": true,
              "fail": false,
              "pending": false,
              "context": null,
              "code": "cy.visit('https://form-agilizei.netlify.app/'); //Inputs de texto / textarea / email --> type\ncy.get('input[name=firstName]').type(chance.first());\ncy.get('input[name=lastName]').type(chance.last());\ncy.get('textarea[name=adress]').type(chance.address());\ncy.get('input[name=emailAdress]').type(chance.email()); // cy.get('input[name=emailAdress]').type('teste@teste.com')\n// Inputs radio / checkboxes --> check\ncy.get('input[value=n]').check();\ncy.get('input[type=checkbox').check('Netflix');\ncy.get('input[type=checkbox').check('Dormir'); //Inputs do tipo bombox / select --> select\n// Não é recomendado usuar o force true\ncy.get('select#countries').select('Dinamarca', {\n  force: true\n});\ncy.get('select#years').select('2006', {\n  force: true\n});\ncy.get('select#months').select('Fevereiro', {\n  force: true\n});\ncy.get('select#days').select('15', {\n  force: true\n}); //Inputs de senha --> type\ncy.get('input#firstpassword').type('Alun@2021');\ncy.get('input#secondpassword').type('Alun@2021'); //Inputs do tipo button --> click\ncy.contains('Finalizar cadastro').click(); //espero que a minha aplicação seja direcionada para a listagem\n// na aplicação através da url\n// Sabendo a url, ela deve estar / conter listagem\n// should contain listagem\ncy.url().should('contain', 'listagem'); //deveria executar uma requisição para o servidor xpto (exemplo)",
              "err": {},
              "uuid": "167cd9d8-e440-4800-b08b-41d013ee4d30",
              "parentUUID": "c7ebe1b2-ce3d-4295-a3ec-6c116b2273a5",
              "isHook": false,
              "skipped": false
            }
          ],
          "suites": [],
          "passes": [
            "167cd9d8-e440-4800-b08b-41d013ee4d30"
          ],
          "failures": [],
          "pending": [],
          "skipped": [],
          "duration": 4375,
          "root": false,
          "rootEmpty": false,
          "_timeout": 2000
        }
      ],
      "passes": [],
      "failures": [],
      "pending": [],
      "skipped": [],
      "duration": 0,
      "root": true,
      "rootEmpty": true,
      "_timeout": 2000
    }
  ],
  "meta": {
    "mocha": {
      "version": "7.0.1"
    },
    "mochawesome": {
      "options": {
        "quiet": true,
        "reportFilename": "mochawesome",
        "saveHtml": false,
        "saveJson": true,
        "consoleReporter": "spec",
        "useInlineDiffs": false,
        "code": true
      },
      "version": "7.1.3"
    },
    "marge": {
      "options": {
        "id": "default",
        "reportDir": "mochawesome-report",
        "quiet": true,
        "overwrite": false,
        "html": false,
        "json": true
      },
      "version": "6.2.0"
    }
  }
}